  2semlab8.cpp
C:\Users\24\source\repos\2semlab8\2semlab8\2semlab8.cpp(104,20): error C2678: бинарный "->": не найден оператор, принимающий левый операнд типа "const MyUnique<Student>" (или приемлемое преобразование отсутствует)
  C:\Users\24\source\repos\2semlab8\2semlab8\2semlab8.cpp(31,8):
  может быть "T *MyUnique<T>::operator ->(void)"
          with
          [
              T=Student
          ]
  C:\Users\24\source\repos\2semlab8\2semlab8\2semlab8.cpp(104,20):
  при попытке сопоставить список аргументов "(const MyUnique<Student>)"
  
C:\Users\24\source\repos\2semlab8\2semlab8\2semlab8.cpp(104,22): error C2232: ->MyUnique<Student>::get: левый операнд имеет тип "class", используйте "."
C:\Users\24\source\repos\2semlab8\2semlab8\2semlab8.cpp(104,48): error C2678: бинарный "->": не найден оператор, принимающий левый операнд типа "const MyUnique<Student>" (или приемлемое преобразование отсутствует)
  C:\Users\24\source\repos\2semlab8\2semlab8\2semlab8.cpp(31,8):
  может быть "T *MyUnique<T>::operator ->(void)"
          with
          [
              T=Student
          ]
  C:\Users\24\source\repos\2semlab8\2semlab8\2semlab8.cpp(104,48):
  при попытке сопоставить список аргументов "(const MyUnique<Student>)"
  
C:\Users\24\source\repos\2semlab8\2semlab8\2semlab8.cpp(104,50): error C2232: ->MyUnique<Student>::get: левый операнд имеет тип "class", используйте "."
C:\Users\24\source\repos\2semlab8\2semlab8\2semlab8.cpp(110,9): error C2678: бинарный "->": не найден оператор, принимающий левый операнд типа "const MyUnique<Student>" (или приемлемое преобразование отсутствует)
  C:\Users\24\source\repos\2semlab8\2semlab8\2semlab8.cpp(31,8):
  может быть "T *MyUnique<T>::operator ->(void)"
          with
          [
              T=Student
          ]
  C:\Users\24\source\repos\2semlab8\2semlab8\2semlab8.cpp(110,9):
  при попытке сопоставить список аргументов "(const MyUnique<Student>)"
  
C:\Users\24\source\repos\2semlab8\2semlab8\2semlab8.cpp(110,16): error C2232: ->MyUnique<Student>::get: левый операнд имеет тип "class", используйте "."
C:\Users\24\source\repos\2semlab8\2semlab8\2semlab8.cpp(118,22): error C2039: "get": не является членом "Student".
  C:\Users\24\source\repos\2semlab8\2semlab8\2semlab8.cpp(52,7):
   см. объявление "Student"
  
